<?xml version="1.0" encoding="UTF-8"?>
<!-- Generated by org.testng.reporters.JUnitReportReporter -->
<testsuite skipped="0" hostname="sanupindi" name="com.factorial.qa.tests.FactorialTest" tests="3" failures="0" timestamp="2020-11-24T12:47:21 EST" time="21.684" errors="0">
  <testcase name="verifyTitle" time="5.918" classname="com.factorial.qa.tests.FactorialTest"/>
  <system-out/>
  <testcase name="verifyConditionsLinkTest" time="9.235" classname="com.factorial.qa.tests.FactorialTest"/>
  <system-out/>
  <testcase name="verifyPrivacyLinkTest" time="6.531" classname="com.factorial.qa.tests.FactorialTest"/>
  <system-out/>
</testsuite> <!-- com.factorial.qa.tests.FactorialTest -->
